<?xml version="1.0" encoding="UTF-8"?>
<!-- Generated by org.testng.reporters.JUnitReportReporter -->
<testsuite hostname="YBARTASH-NB" failures="0" tests="1" name="ExtendReport.Session22.StandaloneTest" time="9.178" errors="0" timestamp="2023-11-15T10:47:41 EET" skipped="0">
  <testcase classname="ExtendReport.Session22.StandaloneTest" name="openUrl" time="9.178"/>
</testsuite> <!-- ExtendReport.Session22.StandaloneTest -->
