<?xml version="1.0" encoding="UTF-8"?>
<!-- Generated by org.testng.reporters.JUnitReportReporter -->
<testsuite hostname="DESKTOP-V0R7IU1" failures="0" tests="1" name="GoogleTest" time="3.764" errors="0" timestamp="2023-11-21T17:12:54 EET" skipped="0">
  <testcase classname="GoogleTest" name="homePageCheck" time="3.764"/>
  <system-out/>
</testsuite> <!-- GoogleTest -->
