<?xml version="1.0" encoding="UTF-8"?>
<!-- Generated by org.testng.reporters.JUnitReportReporter -->
<testsuite hostname="YBARTASH-NB" failures="0" tests="2" name="ChildClass" time="0.006" errors="0" timestamp="2023-11-09T15:57:35 EET" skipped="1">
  <testcase classname="ChildClass" name="partentMethod1" time="0.006"/>
  <system-out/>
  <testcase classname="ChildClass" name="testRun">
    <skipped/>
  </testcase> <!-- testRun -->
  <system-out/>
</testsuite> <!-- ChildClass -->
