<?xml version="1.0" encoding="UTF-8"?>
<!-- Generated by org.testng.reporters.JUnitReportReporter -->
<testsuite hostname="YBARTASH-NB" failures="0" tests="2" name="Inheritance.ChildClass" time="0.007" errors="0" timestamp="2023-11-09T16:47:47 EET" skipped="0">
  <testcase classname="Inheritance.ChildClass" name="partentMethod1" time="0.003"/>
  <system-out/>
  <testcase classname="Inheritance.ChildClass" name="constructorCall" time="0.004"/>
  <system-out/>
</testsuite> <!-- Inheritance.ChildClass -->
