<?xml version="1.0" encoding="UTF-8"?>
<!-- Generated by org.testng.reporters.JUnitReportReporter -->
<testsuite hostname="YBARTASH-NB" failures="0" tests="3" name="Test.MobileWebAPI2" time="0.003" errors="0" timestamp="2023-11-09T14:43:50 EET" skipped="0">
  <testcase classname="Test.MobileWebAPI2" name="web" time="0.002"/>
  <system-out/>
  <testcase classname="Test.MobileWebAPI2" name="mobile" time="0.000"/>
  <system-out/>
  <testcase classname="Test.MobileWebAPI2" name="api" time="0.001"/>
  <system-out/>
</testsuite> <!-- Test.MobileWebAPI2 -->
