<?xml version="1.0" encoding="UTF-8"?>
<!-- Generated by org.testng.reporters.JUnitReportReporter -->
<testsuite hostname="YBARTASH-NB" failures="0" tests="3" name="Test.MobileWebAPI" time="0.001" errors="0" timestamp="2023-11-09T14:43:50 EET" skipped="0">
  <testcase classname="Test.MobileWebAPI" name="mobiletest" time="0.001"/>
  <system-out/>
  <testcase classname="Test.MobileWebAPI" name="api" time="0.000"/>
  <system-out/>
  <testcase classname="Test.MobileWebAPI" name="web" time="0.000"/>
  <system-out/>
</testsuite> <!-- Test.MobileWebAPI -->
