<?xml version="1.0" encoding="UTF-8"?>
<!-- Generated by org.testng.reporters.JUnitReportReporter -->
<testsuite hostname="YBARTASH-NB" failures="0" tests="3" name="Test.DataProviderExample" time="0.005" errors="0" timestamp="2023-11-09T14:43:50 EET" skipped="0">
  <testcase classname="Test.DataProviderExample" name="CredentialsTest" time="0.004"/>
  <system-out/>
  <testcase classname="Test.DataProviderExample" name="CredentialsTest" time="0.000"/>
  <system-out/>
  <testcase classname="Test.DataProviderExample" name="CredentialsTest" time="0.001"/>
  <system-out/>
</testsuite> <!-- Test.DataProviderExample -->
