<?xml version="1.0" encoding="UTF-8"?>
<!-- Generated by org.testng.reporters.JUnitReportReporter -->
<<<<<<< HEAD
<testsuite hostname="YBARTASH-NB" failures="0" tests="4" name="udemyautomationjava.test.SubmitOrderTest" time="25.399" errors="0" timestamp="2023-11-15T19:03:44 EET" skipped="0">
  <testcase classname="udemyautomationjava.test.SubmitOrderTest" name="submitOrder" time="8.226"/>
  <system-out/>
  <testcase classname="udemyautomationjava.test.SubmitOrderTest" name="orderInOrderHistory" time="5.516"/>
  <system-out/>
  <testcase classname="udemyautomationjava.test.SubmitOrderTest" name="submitOrder" time="7.201"/>
  <system-out/>
  <testcase classname="udemyautomationjava.test.SubmitOrderTest" name="orderInOrderHistory" time="4.456"/>
=======
<testsuite hostname="DESKTOP-V0R7IU1" failures="0" tests="4" name="udemyautomationjava.test.SubmitOrderTest" time="30.421" errors="0" timestamp="2023-11-16T12:12:12 EET" skipped="0">
  <testcase classname="udemyautomationjava.test.SubmitOrderTest" name="submitOrder" time="9.597"/>
  <system-out/>
  <testcase classname="udemyautomationjava.test.SubmitOrderTest" name="orderInOrderHistory" time="6.007"/>
  <system-out/>
  <testcase classname="udemyautomationjava.test.SubmitOrderTest" name="orderInOrderHistory" time="5.308"/>
  <system-out/>
  <testcase classname="udemyautomationjava.test.SubmitOrderTest" name="submitOrder" time="9.509"/>
>>>>>>> 3a19622481c9615680e0088d97e0b8527a1f8de8
  <system-out/>
</testsuite> <!-- udemyautomationjava.test.SubmitOrderTest -->
