<?xml version="1.0" encoding="UTF-8"?>
<!-- Generated by org.testng.reporters.JUnitReportReporter -->
<testsuite hostname="YBARTASH-NB" failures="0" tests="2" name="udemyautomationjava.test.ErrorValidationTest" time="15.138" errors="0" timestamp="2023-11-14T13:47:23 EET" skipped="0">
  <testcase classname="udemyautomationjava.test.ErrorValidationTest" name="LoginErrorValidation" time="7.077"/>
  <system-out/>
  <testcase classname="udemyautomationjava.test.ErrorValidationTest" name="productErrorValidation" time="8.061"/>
  <system-out/>
</testsuite> <!-- udemyautomationjava.test.ErrorValidationTest -->
