<?xml version="1.0" encoding="UTF-8"?>
<!-- Generated by org.testng.reporters.JUnitReportReporter -->
<testsuite hostname="YBARTASH-NB" failures="0" tests="2" name="udemyautomationjava.test.ErrorValidationTest" time="13.173" errors="0" timestamp="2023-11-14T14:24:13 EET" skipped="0">
  <testcase classname="udemyautomationjava.test.ErrorValidationTest" name="productErrorValidation" time="8.001"/>
  <system-out/>
  <testcase classname="udemyautomationjava.test.ErrorValidationTest" name="LoginErrorValidation" time="5.172"/>
  <system-out/>
</testsuite> <!-- udemyautomationjava.test.ErrorValidationTest -->
