<?xml version="1.0" encoding="UTF-8"?>
<!-- Generated by org.testng.reporters.JUnitReportReporter -->
<testsuite hostname="YBARTASH-NB" failures="0" tests="4" name="udemyautomationjava.test.SubmitOrderTest" time="25.399" errors="0" timestamp="2023-11-15T19:03:44 EET" skipped="0">
  <testcase classname="udemyautomationjava.test.SubmitOrderTest" name="submitOrder" time="8.226"/>
  <system-out/>
  <testcase classname="udemyautomationjava.test.SubmitOrderTest" name="orderInOrderHistory" time="5.516"/>
  <system-out/>
  <testcase classname="udemyautomationjava.test.SubmitOrderTest" name="submitOrder" time="7.201"/>
  <system-out/>
  <testcase classname="udemyautomationjava.test.SubmitOrderTest" name="orderInOrderHistory" time="4.456"/>
  <system-out/>
</testsuite> <!-- udemyautomationjava.test.SubmitOrderTest -->
