<?xml version="1.0" encoding="UTF-8"?>
<!-- Generated by org.testng.reporters.JUnitReportReporter -->
<testsuite hostname="YBARTASH-NB" failures="0" tests="2" name="udemyautomationjava.test.ErrorValidation" time="12.033" errors="0" timestamp="2023-11-13T18:19:04 EET" skipped="0">
  <testcase classname="udemyautomationjava.test.ErrorValidation" name="LoginErrorValidation" time="5.145"/>
  <system-out/>
  <testcase classname="udemyautomationjava.test.ErrorValidation" name="productErrorValidation" time="6.888"/>
  <system-out/>
</testsuite> <!-- udemyautomationjava.test.ErrorValidation -->
