<?xml version="1.0" encoding="UTF-8"?>
<!-- Generated by org.testng.reporters.JUnitReportReporter -->
<testsuite hostname="YBARTASH-NB" failures="0" tests="2" name="udemyautomationjava.test.ErrorValidationTest" time="12.289" errors="0" timestamp="2023-11-13T18:32:10 EET" skipped="0">
  <testcase classname="udemyautomationjava.test.ErrorValidationTest" name="LoginErrorValidation" time="4.820"/>
  <system-out/>
  <testcase classname="udemyautomationjava.test.ErrorValidationTest" name="productErrorValidation" time="7.469"/>
  <system-out/>
</testsuite> <!-- udemyautomationjava.test.ErrorValidationTest -->
