<?xml version="1.0" encoding="UTF-8"?>
<!-- Generated by org.testng.reporters.JUnitReportReporter -->
<testsuite hostname="DESKTOP-V0R7IU1" failures="0" tests="1" name="Cucumber.TestNGTestRunner" time="9.243" errors="0" timestamp="2023-11-18T14:09:21 EET" skipped="0">
  <testcase classname="Cucumber.TestNGTestRunner" name="runScenario" time="9.243"/>
  <system-out/>
</testsuite> <!-- Cucumber.TestNGTestRunner -->
