<?xml version="1.0" encoding="UTF-8"?>
<!-- Generated by org.testng.reporters.JUnitReportReporter -->
<testsuite hostname="YBARTASH-NB" failures="0" tests="2" name="udemyautomationjava.test.SubmitOrderTest" time="13.259" errors="0" timestamp="2023-11-14T12:09:23 EET" skipped="0">
  <testcase classname="udemyautomationjava.test.SubmitOrderTest" name="submitOrder" time="8.362"/>
  <system-out/>
  <testcase classname="udemyautomationjava.test.SubmitOrderTest" name="orderInOrderGistory" time="4.897"/>
  <system-out/>
</testsuite> <!-- udemyautomationjava.test.SubmitOrderTest -->
