<?xml version="1.0" encoding="UTF-8"?>
<!-- Generated by org.testng.reporters.JUnitReportReporter -->
<testsuite hostname="DESKTOP-V0R7IU1" failures="0" tests="4" name="udemyautomationjava.test.SubmitOrderTest" time="30.421" errors="0" timestamp="2023-11-16T12:12:12 EET" skipped="0">
  <testcase classname="udemyautomationjava.test.SubmitOrderTest" name="submitOrder" time="9.597"/>
  <system-out/>
  <testcase classname="udemyautomationjava.test.SubmitOrderTest" name="orderInOrderHistory" time="6.007"/>
  <system-out/>
  <testcase classname="udemyautomationjava.test.SubmitOrderTest" name="orderInOrderHistory" time="5.308"/>
  <system-out/>
  <testcase classname="udemyautomationjava.test.SubmitOrderTest" name="submitOrder" time="9.509"/>
  <system-out/>
</testsuite> <!-- udemyautomationjava.test.SubmitOrderTest -->
