<?xml version="1.0" encoding="UTF-8"?>
<!-- Generated by org.testng.reporters.JUnitReportReporter -->
<testsuite hostname="DESKTOP-V0R7IU1" failures="0" tests="2" name="udemyautomationjava.test.ErrorValidationTest" time="13.005" errors="0" timestamp="2023-11-18T14:10:12 EET" skipped="0">
  <testcase classname="udemyautomationjava.test.ErrorValidationTest" name="productErrorValidation" time="7.432"/>
  <system-out/>
  <testcase classname="udemyautomationjava.test.ErrorValidationTest" name="LoginErrorValidation" time="5.573"/>
  <system-out/>
</testsuite> <!-- udemyautomationjava.test.ErrorValidationTest -->
