<?xml version="1.0" encoding="UTF-8"?>
<!-- Generated by org.testng.reporters.JUnitReportReporter -->
<testsuite hostname="YBARTASH-NB" failures="0" tests="4" name="udemyautomationjava.test.SubmitOrderTest" time="26.964" errors="0" timestamp="2023-11-15T17:43:15 EET" skipped="0">
  <testcase classname="udemyautomationjava.test.SubmitOrderTest" name="orderInOrderHistory" time="6.353"/>
  <system-out/>
  <testcase classname="udemyautomationjava.test.SubmitOrderTest" name="submitOrder" time="7.350"/>
  <system-out/>
  <testcase classname="udemyautomationjava.test.SubmitOrderTest" name="orderInOrderHistory" time="4.500"/>
  <system-out/>
  <testcase classname="udemyautomationjava.test.SubmitOrderTest" name="submitOrder" time="8.761"/>
  <system-out/>
</testsuite> <!-- udemyautomationjava.test.SubmitOrderTest -->
