<?xml version="1.0" encoding="UTF-8"?>
<!-- Generated by org.testng.reporters.JUnitReportReporter -->
<testsuite hostname="YBARTASH-NB" failures="0" tests="4" name="udemyautomationjava.test.SubmitOrderTest" time="25.435" errors="0" timestamp="2023-11-14T17:33:38 EET" skipped="0">
  <testcase classname="udemyautomationjava.test.SubmitOrderTest" name="orderInOrderHistory" time="4.466"/>
  <system-out/>
  <testcase classname="udemyautomationjava.test.SubmitOrderTest" name="submitOrder" time="7.299"/>
  <system-out/>
  <testcase classname="udemyautomationjava.test.SubmitOrderTest" name="orderInOrderHistory" time="6.287"/>
  <system-out/>
  <testcase classname="udemyautomationjava.test.SubmitOrderTest" name="submitOrder" time="7.383"/>
  <system-out/>
</testsuite> <!-- udemyautomationjava.test.SubmitOrderTest -->
